<?xml version="1.0" encoding="UTF-8"?>
<!-- Generated by org.testng.reporters.JUnitXMLReporter -->
<testsuite hostname="NEWNODE31" ignored="0" name="Default test" tests="3" failures="0" timestamp="04 Jul 2018 10:27:54 GMT" time="33.247" errors="0">
  <testcase name="loginPageTitleTest" time="1.232" classname="com.crm.qa.testcases.LoginPageTest"/>
  <testcase name="crmLogoImageTest" time="1.404" classname="com.crm.qa.testcases.LoginPageTest"/>
  <testcase name="loginTest" time="1.045" classname="com.crm.qa.testcases.LoginPageTest"/>
</testsuite> <!-- Default test -->
