<?xml version="1.0" encoding="UTF-8"?>
<testng-results skipped="0" failed="0" ignored="0" total="3" passed="3">
  <reporter-output>
  </reporter-output>
  <suite name="Default suite" duration-ms="33247" started-at="2018-07-04T10:27:21Z" finished-at="2018-07-04T10:27:54Z">
    <groups>
      <group name="logintest">
        <method signature="LoginPageTest.loginTest()[pri:3, instance:com.crm.qa.testcases.LoginPageTest@118bd3c]" name="loginTest" class="com.crm.qa.testcases.LoginPageTest"/>
      </group> <!-- logintest -->
      <group name="titletest">
        <method signature="LoginPageTest.loginPageTitleTest()[pri:1, instance:com.crm.qa.testcases.LoginPageTest@118bd3c]" name="loginPageTitleTest" class="com.crm.qa.testcases.LoginPageTest"/>
      </group> <!-- titletest -->
      <group name="imagetest">
        <method signature="LoginPageTest.crmLogoImageTest()[pri:2, instance:com.crm.qa.testcases.LoginPageTest@118bd3c]" name="crmLogoImageTest" class="com.crm.qa.testcases.LoginPageTest"/>
      </group> <!-- imagetest -->
    </groups>
    <test name="Default test" duration-ms="33247" started-at="2018-07-04T10:27:21Z" finished-at="2018-07-04T10:27:54Z">
      <class name="com.crm.qa.testcases.LoginPageTest">
        <test-method status="PASS" signature="setUp()[pri:0, instance:com.crm.qa.testcases.LoginPageTest@118bd3c]" name="setUp" is-config="true" duration-ms="10361" started-at="2018-07-04T15:57:21Z" finished-at="2018-07-04T15:57:31Z">
          <reporter-output>
          </reporter-output>
        </test-method> <!-- setUp -->
        <test-method status="PASS" signature="loginPageTitleTest()[pri:1, instance:com.crm.qa.testcases.LoginPageTest@118bd3c]" name="loginPageTitleTest" duration-ms="1232" started-at="2018-07-04T15:57:31Z" finished-at="2018-07-04T15:57:33Z">
          <reporter-output>
          </reporter-output>
        </test-method> <!-- loginPageTitleTest -->
        <test-method status="PASS" signature="tearDown()[pri:0, instance:com.crm.qa.testcases.LoginPageTest@118bd3c]" name="tearDown" is-config="true" duration-ms="640" started-at="2018-07-04T15:57:33Z" finished-at="2018-07-04T15:57:33Z">
          <reporter-output>
          </reporter-output>
        </test-method> <!-- tearDown -->
        <test-method status="PASS" signature="setUp()[pri:0, instance:com.crm.qa.testcases.LoginPageTest@118bd3c]" name="setUp" is-config="true" duration-ms="8783" started-at="2018-07-04T15:57:33Z" finished-at="2018-07-04T15:57:42Z">
          <reporter-output>
          </reporter-output>
        </test-method> <!-- setUp -->
        <test-method status="PASS" signature="crmLogoImageTest()[pri:2, instance:com.crm.qa.testcases.LoginPageTest@118bd3c]" name="crmLogoImageTest" duration-ms="1404" started-at="2018-07-04T15:57:42Z" finished-at="2018-07-04T15:57:43Z">
          <reporter-output>
          </reporter-output>
        </test-method> <!-- crmLogoImageTest -->
        <test-method status="PASS" signature="tearDown()[pri:0, instance:com.crm.qa.testcases.LoginPageTest@118bd3c]" name="tearDown" is-config="true" duration-ms="562" started-at="2018-07-04T15:57:43Z" finished-at="2018-07-04T15:57:44Z">
          <reporter-output>
          </reporter-output>
        </test-method> <!-- tearDown -->
        <test-method status="PASS" signature="setUp()[pri:0, instance:com.crm.qa.testcases.LoginPageTest@118bd3c]" name="setUp" is-config="true" duration-ms="8737" started-at="2018-07-04T15:57:44Z" finished-at="2018-07-04T15:57:53Z">
          <reporter-output>
          </reporter-output>
        </test-method> <!-- setUp -->
        <test-method status="PASS" signature="loginTest()[pri:3, instance:com.crm.qa.testcases.LoginPageTest@118bd3c]" name="loginTest" duration-ms="1045" started-at="2018-07-04T15:57:53Z" finished-at="2018-07-04T15:57:54Z">
          <reporter-output>
          </reporter-output>
        </test-method> <!-- loginTest -->
        <test-method status="PASS" signature="tearDown()[pri:0, instance:com.crm.qa.testcases.LoginPageTest@118bd3c]" name="tearDown" is-config="true" duration-ms="468" started-at="2018-07-04T15:57:54Z" finished-at="2018-07-04T15:57:54Z">
          <reporter-output>
          </reporter-output>
        </test-method> <!-- tearDown -->
      </class> <!-- com.crm.qa.testcases.LoginPageTest -->
    </test> <!-- Default test -->
  </suite> <!-- Default suite -->
</testng-results>
